This is pdfTeX, Version 3.141592653-2.6-1.40.26 (TeX Live 2024) (preloaded format=pdflatex 2024.7.18)  12 OCT 2024 23:57
entering extended mode
 restricted \write18 enabled.
 %&-line parsing enabled.
**/Users/emmajuansalazar/Documents/fall-mod-1/linear-regression/group-project/linear-regression/paper/modeling-student-performance-paper.tex
(/Users/emmajuansalazar/Documents/fall-mod-1/linear-regression/group-project/linear-regression/paper/modeling-student-performance-paper.tex
LaTeX2e <2023-11-01> patch level 1
L3 programming layer <2024-02-20>
(/usr/local/texlive/2024/texmf-dist/tex/latex/base/article.cls
Document Class: article 2023/05/17 v1.4n Standard LaTeX document class
(/usr/local/texlive/2024/texmf-dist/tex/latex/base/size10.clo
File: size10.clo 2023/05/17 v1.4n Standard LaTeX file (size option)
)
\c@part=\count188
\c@section=\count189
\c@subsection=\count190
\c@subsubsection=\count191
\c@paragraph=\count192
\c@subparagraph=\count193
\c@figure=\count194
\c@table=\count195
\abovecaptionskip=\skip48
\belowcaptionskip=\skip49
\bibindent=\dimen140
) (/usr/local/texlive/2024/texmf-dist/tex/latex/base/inputenc.sty
Package: inputenc 2021/02/14 v1.3d Input encoding file
\inpenc@prehook=\toks17
\inpenc@posthook=\toks18
) (/usr/local/texlive/2024/texmf-dist/tex/latex/amsmath/amsmath.sty
Package: amsmath 2023/05/13 v2.17o AMS math features
\@mathmargin=\skip50

For additional information on amsmath, use the `?' option.
(/usr/local/texlive/2024/texmf-dist/tex/latex/amsmath/amstext.sty
Package: amstext 2021/08/26 v2.01 AMS text
 (/usr/local/texlive/2024/texmf-dist/tex/latex/amsmath/amsgen.sty
File: amsgen.sty 1999/11/30 v2.0 generic functions
\@emptytoks=\toks19
\ex@=\dimen141
)) (/usr/local/texlive/2024/texmf-dist/tex/latex/amsmath/amsbsy.sty
Package: amsbsy 1999/11/29 v1.2d Bold Symbols
\pmbraise@=\dimen142
) (/usr/local/texlive/2024/texmf-dist/tex/latex/amsmath/amsopn.sty
Package: amsopn 2022/04/08 v2.04 operator names
)
\inf@bad=\count196
LaTeX Info: Redefining \frac on input line 234.
\uproot@=\count197
\leftroot@=\count198
LaTeX Info: Redefining \overline on input line 399.
LaTeX Info: Redefining \colon on input line 410.
\classnum@=\count199
\DOTSCASE@=\count266
LaTeX Info: Redefining \ldots on input line 496.
LaTeX Info: Redefining \dots on input line 499.
LaTeX Info: Redefining \cdots on input line 620.
\Mathstrutbox@=\box51
\strutbox@=\box52
LaTeX Info: Redefining \big on input line 722.
LaTeX Info: Redefining \Big on input line 723.
LaTeX Info: Redefining \bigg on input line 724.
LaTeX Info: Redefining \Bigg on input line 725.
\big@size=\dimen143
LaTeX Font Info:    Redeclaring font encoding OML on input line 743.
LaTeX Font Info:    Redeclaring font encoding OMS on input line 744.
\macc@depth=\count267
LaTeX Info: Redefining \bmod on input line 905.
LaTeX Info: Redefining \pmod on input line 910.
LaTeX Info: Redefining \smash on input line 940.
LaTeX Info: Redefining \relbar on input line 970.
LaTeX Info: Redefining \Relbar on input line 971.
\c@MaxMatrixCols=\count268
\dotsspace@=\muskip16
\c@parentequation=\count269
\dspbrk@lvl=\count270
\tag@help=\toks20
\row@=\count271
\column@=\count272
\maxfields@=\count273
\andhelp@=\toks21
\eqnshift@=\dimen144
\alignsep@=\dimen145
\tagshift@=\dimen146
\tagwidth@=\dimen147
\totwidth@=\dimen148
\lineht@=\dimen149
\@envbody=\toks22
\multlinegap=\skip51
\multlinetaggap=\skip52
\mathdisplay@stack=\toks23
LaTeX Info: Redefining \[ on input line 2953.
LaTeX Info: Redefining \] on input line 2954.
) (/usr/local/texlive/2024/texmf-dist/tex/latex/geometry/geometry.sty
Package: geometry 2020/01/02 v5.9 Page Geometry
 (/usr/local/texlive/2024/texmf-dist/tex/latex/graphics/keyval.sty
Package: keyval 2022/05/29 v1.15 key=value parser (DPC)
\KV@toks@=\toks24
) (/usr/local/texlive/2024/texmf-dist/tex/generic/iftex/ifvtex.sty
Package: ifvtex 2019/10/25 v1.7 ifvtex legacy package. Use iftex instead.
 (/usr/local/texlive/2024/texmf-dist/tex/generic/iftex/iftex.sty
Package: iftex 2022/02/03 v1.0f TeX engine tests
))
\Gm@cnth=\count274
\Gm@cntv=\count275
\c@Gm@tempcnt=\count276
\Gm@bindingoffset=\dimen150
\Gm@wd@mp=\dimen151
\Gm@odd@mp=\dimen152
\Gm@even@mp=\dimen153
\Gm@layoutwidth=\dimen154
\Gm@layoutheight=\dimen155
\Gm@layouthoffset=\dimen156
\Gm@layoutvoffset=\dimen157
\Gm@dimlist=\toks25
) (/usr/local/texlive/2024/texmf-dist/tex/latex/graphics/graphicx.sty
Package: graphicx 2021/09/16 v1.2d Enhanced LaTeX Graphics (DPC,SPQR)
 (/usr/local/texlive/2024/texmf-dist/tex/latex/graphics/graphics.sty
Package: graphics 2022/03/10 v1.4e Standard LaTeX Graphics (DPC,SPQR)
 (/usr/local/texlive/2024/texmf-dist/tex/latex/graphics/trig.sty
Package: trig 2021/08/11 v1.11 sin cos tan (DPC)
) (/usr/local/texlive/2024/texmf-dist/tex/latex/graphics-cfg/graphics.cfg
File: graphics.cfg 2016/06/04 v1.11 sample graphics configuration
)
Package graphics Info: Driver file: pdftex.def on input line 107.
 (/usr/local/texlive/2024/texmf-dist/tex/latex/graphics-def/pdftex.def
File: pdftex.def 2022/09/22 v1.2b Graphics/color driver for pdftex
))
\Gin@req@height=\dimen158
\Gin@req@width=\dimen159
) (/usr/local/texlive/2024/texmf-dist/tex/latex/lipsum/lipsum.sty (/usr/local/texlive/2024/texmf-dist/tex/latex/l3packages/l3keys2e/l3keys2e.sty (/usr/local/texlive/2024/texmf-dist/tex/latex/l3kernel/expl3.sty
Package: expl3 2024-02-20 L3 programming layer (loader) 
 (/usr/local/texlive/2024/texmf-dist/tex/latex/l3backend/l3backend-pdftex.def
File: l3backend-pdftex.def 2024-02-20 L3 backend support: PDF output (pdfTeX)
\l__color_backend_stack_int=\count277
\l__pdf_internal_box=\box53
))
Package: l3keys2e 2024-02-18 LaTeX2e option processing using LaTeX3 keys
)
Package: lipsum 2021-09-20 v2.7 150 paragraphs of Lorem Ipsum dummy text
\g__lipsum_par_int=\count278
\l__lipsum_a_int=\count279
\l__lipsum_b_int=\count280
 (/usr/local/texlive/2024/texmf-dist/tex/latex/lipsum/lipsum.ltd.tex)) (/usr/local/texlive/2024/texmf-dist/tex/latex/preprint/authblk.sty
Package: authblk 2001/02/27 1.3 (PWD)
\affilsep=\skip53
\@affilsep=\skip54
\c@Maxaffil=\count281
\c@authors=\count282
\c@affil=\count283
) (/usr/local/texlive/2024/texmf-dist/tex/latex/hyperref/hyperref.sty
Package: hyperref 2024-01-20 v7.01h Hypertext links for LaTeX
 (/usr/local/texlive/2024/texmf-dist/tex/latex/kvsetkeys/kvsetkeys.sty
Package: kvsetkeys 2022-10-05 v1.19 Key value parser (HO)
) (/usr/local/texlive/2024/texmf-dist/tex/generic/kvdefinekeys/kvdefinekeys.sty
Package: kvdefinekeys 2019-12-19 v1.6 Define keys (HO)
) (/usr/local/texlive/2024/texmf-dist/tex/generic/pdfescape/pdfescape.sty
Package: pdfescape 2019/12/09 v1.15 Implements pdfTeX's escape features (HO)
 (/usr/local/texlive/2024/texmf-dist/tex/generic/ltxcmds/ltxcmds.sty
Package: ltxcmds 2023-12-04 v1.26 LaTeX kernel commands for general use (HO)
) (/usr/local/texlive/2024/texmf-dist/tex/generic/pdftexcmds/pdftexcmds.sty
Package: pdftexcmds 2020-06-27 v0.33 Utility functions of pdfTeX for LuaTeX (HO)
 (/usr/local/texlive/2024/texmf-dist/tex/generic/infwarerr/infwarerr.sty
Package: infwarerr 2019/12/03 v1.5 Providing info/warning/error messages (HO)
)
Package pdftexcmds Info: \pdf@primitive is available.
Package pdftexcmds Info: \pdf@ifprimitive is available.
Package pdftexcmds Info: \pdfdraftmode found.
)) (/usr/local/texlive/2024/texmf-dist/tex/latex/hycolor/hycolor.sty
Package: hycolor 2020-01-27 v1.10 Color options for hyperref/bookmark (HO)
) (/usr/local/texlive/2024/texmf-dist/tex/latex/auxhook/auxhook.sty
Package: auxhook 2019-12-17 v1.6 Hooks for auxiliary files (HO)
) (/usr/local/texlive/2024/texmf-dist/tex/latex/hyperref/nameref.sty
Package: nameref 2023-11-26 v2.56 Cross-referencing by name of section
 (/usr/local/texlive/2024/texmf-dist/tex/latex/refcount/refcount.sty
Package: refcount 2019/12/15 v3.6 Data extraction from label references (HO)
) (/usr/local/texlive/2024/texmf-dist/tex/generic/gettitlestring/gettitlestring.sty
Package: gettitlestring 2019/12/15 v1.6 Cleanup title references (HO)
 (/usr/local/texlive/2024/texmf-dist/tex/latex/kvoptions/kvoptions.sty
Package: kvoptions 2022-06-15 v3.15 Key value format for package options (HO)
))
\c@section@level=\count284
) (/usr/local/texlive/2024/texmf-dist/tex/latex/etoolbox/etoolbox.sty
Package: etoolbox 2020/10/05 v2.5k e-TeX tools for LaTeX (JAW)
\etb@tempcnta=\count285
)
\@linkdim=\dimen160
\Hy@linkcounter=\count286
\Hy@pagecounter=\count287
 (/usr/local/texlive/2024/texmf-dist/tex/latex/hyperref/pd1enc.def
File: pd1enc.def 2024-01-20 v7.01h Hyperref: PDFDocEncoding definition (HO)
Now handling font encoding PD1 ...
... no UTF-8 mapping file for font encoding PD1
) (/usr/local/texlive/2024/texmf-dist/tex/generic/intcalc/intcalc.sty
Package: intcalc 2019/12/15 v1.3 Expandable calculations with integers (HO)
)
\Hy@SavedSpaceFactor=\count288
 (/usr/local/texlive/2024/texmf-dist/tex/latex/hyperref/puenc.def
File: puenc.def 2024-01-20 v7.01h Hyperref: PDF Unicode definition (HO)
Now handling font encoding PU ...
... no UTF-8 mapping file for font encoding PU
)
Package hyperref Info: Hyper figures OFF on input line 4179.
Package hyperref Info: Link nesting OFF on input line 4184.
Package hyperref Info: Hyper index ON on input line 4187.
Package hyperref Info: Plain pages OFF on input line 4194.
Package hyperref Info: Backreferencing OFF on input line 4199.
Package hyperref Info: Implicit mode ON; LaTeX internals redefined.
Package hyperref Info: Bookmarks ON on input line 4446.
\c@Hy@tempcnt=\count289
 (/usr/local/texlive/2024/texmf-dist/tex/latex/url/url.sty
\Urlmuskip=\muskip17
Package: url 2013/09/16  ver 3.4  Verb mode for urls, etc.
)
LaTeX Info: Redefining \url on input line 4784.
\XeTeXLinkMargin=\dimen161
 (/usr/local/texlive/2024/texmf-dist/tex/generic/bitset/bitset.sty
Package: bitset 2019/12/09 v1.3 Handle bit-vector datatype (HO)
 (/usr/local/texlive/2024/texmf-dist/tex/generic/bigintcalc/bigintcalc.sty
Package: bigintcalc 2019/12/15 v1.5 Expandable calculations on big integers (HO)
))
\Fld@menulength=\count290
\Field@Width=\dimen162
\Fld@charsize=\dimen163
Package hyperref Info: Hyper figures OFF on input line 6063.
Package hyperref Info: Link nesting OFF on input line 6068.
Package hyperref Info: Hyper index ON on input line 6071.
Package hyperref Info: backreferencing OFF on input line 6078.
Package hyperref Info: Link coloring OFF on input line 6083.
Package hyperref Info: Link coloring with OCG OFF on input line 6088.
Package hyperref Info: PDF/A mode OFF on input line 6093.
 (/usr/local/texlive/2024/texmf-dist/tex/latex/base/atbegshi-ltx.sty
Package: atbegshi-ltx 2021/01/10 v1.0c Emulation of the original atbegshi
package with kernel methods
)
\Hy@abspage=\count291
\c@Item=\count292
\c@Hfootnote=\count293
)
Package hyperref Info: Driver (autodetected): hpdftex.
 (/usr/local/texlive/2024/texmf-dist/tex/latex/hyperref/hpdftex.def
File: hpdftex.def 2024-01-20 v7.01h Hyperref driver for pdfTeX
 (/usr/local/texlive/2024/texmf-dist/tex/latex/base/atveryend-ltx.sty
Package: atveryend-ltx 2020/08/19 v1.0a Emulation of the original atveryend package
with kernel methods
)
\Fld@listcount=\count294
\c@bookmark@seq@number=\count295
 (/usr/local/texlive/2024/texmf-dist/tex/latex/rerunfilecheck/rerunfilecheck.sty
Package: rerunfilecheck 2022-07-10 v1.10 Rerun checks for auxiliary files (HO)
 (/usr/local/texlive/2024/texmf-dist/tex/generic/uniquecounter/uniquecounter.sty
Package: uniquecounter 2019/12/15 v1.4 Provide unlimited unique counter (HO)
)
Package uniquecounter Info: New unique counter `rerunfilecheck' on input line 285.
)
\Hy@SectionHShift=\skip55
) (/usr/local/texlive/2024/texmf-dist/tex/latex/base/textcomp.sty
Package: textcomp 2020/02/02 v2.0n Standard LaTeX package
) (/usr/local/texlive/2024/texmf-dist/tex/latex/psnfss/charter.sty
Package: charter 2020/03/25 PSNFSS-v9.3 (P.Dyballa) 
) (/usr/local/texlive/2024/texmf-dist/tex/latex/framed/framed.sty
Package: framed 2011/10/22 v 0.96: framed or shaded text with page breaks
\OuterFrameSep=\skip56
\fb@frw=\dimen164
\fb@frh=\dimen165
\FrameRule=\dimen166
\FrameSep=\dimen167
) (/usr/local/texlive/2024/texmf-dist/tex/latex/tools/verbatim.sty
Package: verbatim 2023-11-06 v1.5v LaTeX2e package for verbatim enhancements
\every@verbatim=\toks26
\verbatim@line=\toks27
\verbatim@in@stream=\read2
) (/usr/local/texlive/2024/texmf-dist/tex/latex/fancyvrb/fancyvrb.sty
Package: fancyvrb 2024/01/20 4.5c verbatim text (tvz,hv)
\FV@CodeLineNo=\count296
\FV@InFile=\read3
\FV@TabBox=\box54
\c@FancyVerbLine=\count297
\FV@StepNumber=\count298
\FV@OutFile=\write3
) (/usr/local/texlive/2024/texmf-dist/tex/latex/booktabs/booktabs.sty
Package: booktabs 2020/01/12 v1.61803398 Publication quality tables
\heavyrulewidth=\dimen168
\lightrulewidth=\dimen169
\cmidrulewidth=\dimen170
\belowrulesep=\dimen171
\belowbottomsep=\dimen172
\aboverulesep=\dimen173
\abovetopsep=\dimen174
\cmidrulesep=\dimen175
\cmidrulekern=\dimen176
\defaultaddspace=\dimen177
\@cmidla=\count299
\@cmidlb=\count300
\@aboverulesep=\dimen178
\@belowrulesep=\dimen179
\@thisruleclass=\count301
\@lastruleclass=\count302
\@thisrulewidth=\dimen180
) (/usr/local/texlive/2024/texmf-dist/tex/latex/caption/caption.sty
Package: caption 2023/08/05 v3.6o Customizing captions (AR)
 (/usr/local/texlive/2024/texmf-dist/tex/latex/caption/caption3.sty
Package: caption3 2023/07/31 v2.4d caption3 kernel (AR)
\caption@tempdima=\dimen181
\captionmargin=\dimen182
\caption@leftmargin=\dimen183
\caption@rightmargin=\dimen184
\caption@width=\dimen185
\caption@indent=\dimen186
\caption@parindent=\dimen187
\caption@hangindent=\dimen188
Package caption Info: Standard document class detected.
)
\c@caption@flags=\count303
\c@continuedfloat=\count304
Package caption Info: hyperref package is loaded.
) (/usr/local/texlive/2024/texmf-dist/tex/latex/caption/subcaption.sty
Package: subcaption 2023/07/28 v1.6b Sub-captions (AR)
Package caption Info: New subtype `subfigure' on input line 238.
\c@subfigure=\count305
Package caption Info: New subtype `subtable' on input line 238.
\c@subtable=\count306
) (/usr/local/texlive/2024/texmf-dist/tex/latex/tools/array.sty
Package: array 2023/10/16 v2.5g Tabular extension package (FMi)
\col@sep=\dimen189
\ar@mcellbox=\box55
\extrarowheight=\dimen190
\NC@list=\toks28
\extratabsurround=\skip57
\backup@length=\skip58
\ar@cellbox=\box56
) (/usr/local/texlive/2024/texmf-dist/tex/latex/float/float.sty
Package: float 2001/11/08 v1.3d Float enhancements (AL)
\c@float@type=\count307
\float@exts=\toks29
\float@box=\box57
\@float@everytoks=\toks30
\@floatcapt=\box58
) (/usr/local/texlive/2024/texmf-dist/tex/generic/ulem/ulem.sty
\UL@box=\box59
\UL@hyphenbox=\box60
\UL@skip=\skip59
\UL@hook=\toks31
\UL@height=\dimen191
\UL@pe=\count308
\UL@pixel=\dimen192
\ULC@box=\box61
Package: ulem 2019/11/18
\ULdepth=\dimen193
) (/usr/local/texlive/2024/texmf-dist/tex/latex/psnfss/pifont.sty
Package: pifont 2020/03/25 PSNFSS-v9.3 Pi font support (SPQR) 
LaTeX Font Info:    Trying to load font information for U+pzd on input line 63.
 (/usr/local/texlive/2024/texmf-dist/tex/latex/psnfss/upzd.fd
File: upzd.fd 2001/06/04 font definitions for U/pzd.
)
LaTeX Font Info:    Trying to load font information for U+psy on input line 64.
 (/usr/local/texlive/2024/texmf-dist/tex/latex/psnfss/upsy.fd
File: upsy.fd 2001/06/04 font definitions for U/psy.
))
Package hyperref Info: Option `colorlinks' set `true' on input line 38.
LaTeX Font Info:    Trying to load font information for OT1+bch on input line 95.
 (/usr/local/texlive/2024/texmf-dist/tex/latex/psnfss/ot1bch.fd
File: ot1bch.fd 2004/10/18 font definitions for OT1/bch.
) (output/modeling-student-performance-paper.aux)
\openout1 = `modeling-student-performance-paper.aux'.

LaTeX Font Info:    Checking defaults for OML/cmm/m/it on input line 95.
LaTeX Font Info:    ... okay on input line 95.
LaTeX Font Info:    Checking defaults for OMS/cmsy/m/n on input line 95.
LaTeX Font Info:    ... okay on input line 95.
LaTeX Font Info:    Checking defaults for OT1/cmr/m/n on input line 95.
LaTeX Font Info:    ... okay on input line 95.
LaTeX Font Info:    Checking defaults for T1/cmr/m/n on input line 95.
LaTeX Font Info:    ... okay on input line 95.
LaTeX Font Info:    Checking defaults for TS1/cmr/m/n on input line 95.
LaTeX Font Info:    ... okay on input line 95.
LaTeX Font Info:    Checking defaults for OMX/cmex/m/n on input line 95.
LaTeX Font Info:    ... okay on input line 95.
LaTeX Font Info:    Checking defaults for U/cmr/m/n on input line 95.
LaTeX Font Info:    ... okay on input line 95.
LaTeX Font Info:    Checking defaults for PD1/pdf/m/n on input line 95.
LaTeX Font Info:    ... okay on input line 95.
LaTeX Font Info:    Checking defaults for PU/pdf/m/n on input line 95.
LaTeX Font Info:    ... okay on input line 95.

*geometry* driver: auto-detecting
*geometry* detected driver: pdftex
*geometry* verbose mode - [ preamble ] result:
* driver: pdftex
* paper: a4paper
* layout: <same size as paper>
* layoutoffset:(h,v)=(0.0pt,0.0pt)
* modes: 
* h-part:(L,W,R)=(36.135pt, 525.23788pt, 36.135pt)
* v-part:(T,H,B)=(36.135pt, 772.77686pt, 36.135pt)
* \paperwidth=597.50787pt
* \paperheight=845.04684pt
* \textwidth=525.23788pt
* \textheight=772.77686pt
* \oddsidemargin=-36.135pt
* \evensidemargin=-36.135pt
* \topmargin=-73.135pt
* \headheight=12.0pt
* \headsep=25.0pt
* \topskip=10.0pt
* \footskip=30.0pt
* \marginparwidth=4.0pt
* \marginparsep=10.0pt
* \columnsep=10.0pt
* \skip\footins=9.0pt plus 4.0pt minus 2.0pt
* \hoffset=0.0pt
* \voffset=0.0pt
* \mag=1000
* \@twocolumntrue
* \@twosidefalse
* \@mparswitchfalse
* \@reversemarginfalse
* (1in=72.27pt=25.4mm, 1cm=28.453pt)

(/usr/local/texlive/2024/texmf-dist/tex/context/base/mkii/supp-pdf.mkii
[Loading MPS to PDF converter (version 2006.09.02).]
\scratchcounter=\count309
\scratchdimen=\dimen194
\scratchbox=\box62
\nofMPsegments=\count310
\nofMParguments=\count311
\everyMPshowfont=\toks32
\MPscratchCnt=\count312
\MPscratchDim=\dimen195
\MPnumerator=\count313
\makeMPintoPDFobject=\count314
\everyMPtoPDFconversion=\toks33
) (/usr/local/texlive/2024/texmf-dist/tex/latex/epstopdf-pkg/epstopdf-base.sty
Package: epstopdf-base 2020-01-24 v2.11 Base part for package epstopdf
Package epstopdf-base Info: Redefining graphics rule for `.eps' on input line 485.
 (/usr/local/texlive/2024/texmf-dist/tex/latex/latexconfig/epstopdf-sys.cfg
File: epstopdf-sys.cfg 2010/07/13 v1.3 Configuration of (r)epstopdf for TeX Live
)) (/usr/local/texlive/2024/texmf-dist/tex/latex/graphics/color.sty
Package: color 2022/01/06 v1.3d Standard LaTeX Color (DPC)
 (/usr/local/texlive/2024/texmf-dist/tex/latex/graphics-cfg/color.cfg
File: color.cfg 2016/01/02 v1.6 sample color configuration
)
Package color Info: Driver file: pdftex.def on input line 149.
 (/usr/local/texlive/2024/texmf-dist/tex/latex/graphics/mathcolor.ltx))
Package hyperref Info: Link coloring ON on input line 95.
 (output/modeling-student-performance-paper.out) (output/modeling-student-performance-paper.out)
\@outlinefile=\write4
\openout4 = `modeling-student-performance-paper.out'.

Package caption Info: Begin \AtBeginDocument code.
Package caption Info: float package is loaded.
Package caption Info: End \AtBeginDocument code.


LaTeX Font Warning: Font shape `T1/cmr/b/n' in size <40> not available
(Font)              size <35.83> substituted on input line 117.


Underfull \hbox (badness 1152) in paragraph at lines 127--128
[]\OT1/bch/m/n/10 We also have in-for-ma-tion about the stu-dent's en-vi-
 []

LaTeX Font Info:    Trying to load font information for TS1+bch on input line 139.
(/usr/local/texlive/2024/texmf-dist/tex/latex/psnfss/ts1bch.fd
File: ts1bch.fd 2004/10/18 font definitions for TS1/bch.
)
Underfull \hbox (badness 1412) in paragraph at lines 158--160
[]\OT1/cmtt/m/n/10 Parental[]Involvement\OT1/bch/m/n/10 : Par-ent in-volve-ment (Low,
 []

[1{/usr/local/texlive/2024/texmf-var/fonts/map/pdftex/updmap/pdftex.map}{/usr/local/texlive/2024/texmf-dist/fonts/enc/dvips/cm-super/cm-super-t1.enc}{/usr/local/texlive/2024/texmf-dist/fonts/enc/dvips/base/8r.enc}


]
Underfull \hbox (badness 10000) in paragraph at lines 241--242
[]\OT1/bch/m/n/10 We made con-fu-sion ta-bles to check
 []


Underfull \hbox (badness 10000) in paragraph at lines 241--242
\OT1/cmtt/m/n/10 Parental[]Involvment \OT1/bch/m/n/10 against \OT1/cmtt/m/n/10 Access[]to[]Resources
 []


Underfull \hbox (badness 10000) in paragraph at lines 241--242
\OT1/bch/m/n/10 (Sup-ple-men-tary Ta-ble [][]1[][]), \OT1/cmtt/m/n/10 Family[]Income \OT1/bch/m/n/10 against
 []


Underfull \hbox (badness 10000) in paragraph at lines 241--242
\OT1/cmtt/m/n/10 Peer[]Influence \OT1/bch/m/n/10 (Sup-ple-men-tary Ta-ble [][]2[][]),
 []


Underfull \hbox (badness 6236) in paragraph at lines 241--242
\OT1/cmtt/m/n/10 Distance[]from[]Home \OT1/bch/m/n/10 against \OT1/cmtt/m/n/10 Motivation[]Level \OT1/bch/m/n/10 (Sup-
 []


Underfull \hbox (badness 1874) in paragraph at lines 241--242
\OT1/bch/m/n/10 ple-men-tary Ta-ble [][]3[][]) and \OT1/cmtt/m/n/10 Distance[]from[]Home \OT1/bch/m/n/10 against
 []

<./images/4-correlation-heatmap.png, id=66, 727.0362pt x 573.8238pt>
File: ./images/4-correlation-heatmap.png Graphic file (type png)
<use ./images/4-correlation-heatmap.png>
Package pdftex.def Info: ./images/4-correlation-heatmap.png  used on input line 261.
(pdftex.def)             Requested size: 472.71088pt x 373.09488pt.

LaTeX Warning: `h' float specifier changed to `ht'.

[2]
Underfull \hbox (badness 1184) in paragraph at lines 294--297
[]\OT1/bch/m/n/10 We also have spe-cific ques-tions about our dif-fer-ent
 []


Underfull \hbox (badness 10000) in paragraph at lines 294--297

 []

[3 <./images/4-correlation-heatmap.png>]
<./images/5-actual-vs-predicted-scores.png, id=90, 506.25134pt x 401.45985pt>
File: ./images/5-actual-vs-predicted-scores.png Graphic file (type png)
<use ./images/5-actual-vs-predicted-scores.png>
Package pdftex.def Info: ./images/5-actual-vs-predicted-scores.png  used on input line 337.
(pdftex.def)             Requested size: 257.61894pt x 204.2885pt.
<./images/6-influence-plot.png, id=92, 620.7993pt x 458.9145pt>
File: ./images/6-influence-plot.png Graphic file (type png)
<use ./images/6-influence-plot.png>
Package pdftex.def Info: ./images/6-influence-plot.png  used on input line 348.
(pdftex.def)             Requested size: 257.61894pt x 190.43896pt.
<./images/7-residual-plot.png, id=95, 613.93365pt x 401.45985pt>
File: ./images/7-residual-plot.png Graphic file (type png)
<use ./images/7-residual-plot.png>
Package pdftex.def Info: ./images/7-residual-plot.png  used on input line 357.
(pdftex.def)             Requested size: 257.61894pt x 168.46497pt.

Underfull \vbox (badness 10000) has occurred while \output is active []

 [4 <./images/5-actual-vs-predicted-scores.png> <./images/6-influence-plot.png> <./images/7-residual-plot.png>]
<./images/8-linearity-check.png, id=116, 462.528pt x 346.896pt>
File: ./images/8-linearity-check.png Graphic file (type png)
<use ./images/8-linearity-check.png>
Package pdftex.def Info: ./images/8-linearity-check.png  used on input line 410.
(pdftex.def)             Requested size: 231.85547pt x 173.8922pt.
<./images/9-residual-qq-plot.png, id=118, 462.528pt x 346.896pt>
File: ./images/9-residual-qq-plot.png Graphic file (type png)
<use ./images/9-residual-qq-plot.png>
Package pdftex.def Info: ./images/9-residual-qq-plot.png  used on input line 418.
(pdftex.def)             Requested size: 231.85547pt x 173.8922pt.
 [5 <./images/8-linearity-check.png> <./images/9-residual-qq-plot.png>]
<./images/17-observed-vs-fitted.png, id=138, 462.528pt x 346.896pt>
File: ./images/17-observed-vs-fitted.png Graphic file (type png)
<use ./images/17-observed-vs-fitted.png>
Package pdftex.def Info: ./images/17-observed-vs-fitted.png  used on input line 450.
(pdftex.def)             Requested size: 257.61894pt x 193.22296pt.
<./images/18-linearity-check.png, id=141, 462.528pt x 346.896pt>
File: ./images/18-linearity-check.png Graphic file (type png)
<use ./images/18-linearity-check.png>
Package pdftex.def Info: ./images/18-linearity-check.png  used on input line 479.
(pdftex.def)             Requested size: 257.61894pt x 193.22296pt.
<./images/19-qq-plot.png, id=143, 462.528pt x 346.896pt>
File: ./images/19-qq-plot.png Graphic file (type png)
<use ./images/19-qq-plot.png>
Package pdftex.def Info: ./images/19-qq-plot.png  used on input line 487.
(pdftex.def)             Requested size: 257.61894pt x 193.22296pt.
 [6 <./images/17-observed-vs-fitted.png> <./images/18-linearity-check.png> <./images/19-qq-plot.png>]

LaTeX Warning: Reference `22:observed-vs-fitted' on page 7 undefined on input line 494.

<./images/22-observed-vs-fitted.png, id=161, 621.522pt x 401.45985pt>
File: ./images/22-observed-vs-fitted.png Graphic file (type png)
<use ./images/22-observed-vs-fitted.png>
Package pdftex.def Info: ./images/22-observed-vs-fitted.png  used on input line 497.
(pdftex.def)             Requested size: 257.61894pt x 166.4067pt.

LaTeX Warning: `!h' float specifier changed to `!ht'.


Underfull \hbox (badness 2521) in paragraph at lines 546--547
[]\OT1/bch/m/n/10 Predictors like hours stud-ied, at-ten-dance, pre-vi-ous
 []


Underfull \hbox (badness 1057) in paragraph at lines 567--568
\OT1/bch/m/n/10 pre-dic-tors be-ing hours stud-ied, at-ten-dance, prior aca-
 []

[7 <./images/22-observed-vs-fitted.png>] [8

]
<./images/1-barplots.png, id=181, 1293.633pt x 1295.43974pt>
File: ./images/1-barplots.png Graphic file (type png)
<use ./images/1-barplots.png>
Package pdftex.def Info: ./images/1-barplots.png  used on input line 586.
(pdftex.def)             Requested size: 472.71088pt x 473.35541pt.
 [9

 <./images/1-barplots.png>]
<./images/2-boxplots.png, id=188, 1004.553pt x 1004.91435pt>
File: ./images/2-boxplots.png Graphic file (type png)
<use ./images/2-boxplots.png>
Package pdftex.def Info: ./images/2-boxplots.png  used on input line 639.
(pdftex.def)             Requested size: 472.71088pt x 472.87715pt.


LaTeX Warning: `h' float specifier changed to `ht'.

<./images/3-pairwise-plot.png, id=189, 1243.40535pt x 1243.40535pt>
File: ./images/3-pairwise-plot.png Graphic file (type png)
<use ./images/3-pairwise-plot.png>
Package pdftex.def Info: ./images/3-pairwise-plot.png  used on input line 646.
(pdftex.def)             Requested size: 472.71088pt x 472.70764pt.

LaTeX Warning: `h' float specifier changed to `ht'.


Package subcaption Warning: `subtable' is treated as `subfigure'
(subcaption)                 on input line 733.


Package subcaption Warning: `subtable' is treated as `subfigure'
(subcaption)                 on input line 755.


Package subcaption Warning: `subtable' is treated as `subfigure'
(subcaption)                 on input line 784.

<./images/10-predictors-vs-exam-score.png, id=190, 462.528pt x 346.896pt>
File: ./images/10-predictors-vs-exam-score.png Graphic file (type png)
<use ./images/10-predictors-vs-exam-score.png>
Package pdftex.def Info: ./images/10-predictors-vs-exam-score.png  used on input line 803.
(pdftex.def)             Requested size: 525.23788pt x 393.94638pt.

LaTeX Warning: `h' float specifier changed to `ht'.

<./images/11-corr-heatmap.png, id=191, 752.69205pt x 633.0852pt>
File: ./images/11-corr-heatmap.png Graphic file (type png)
<use ./images/11-corr-heatmap.png>
Package pdftex.def Info: ./images/11-corr-heatmap.png  used on input line 810.
(pdftex.def)             Requested size: 525.23788pt x 441.77524pt.

LaTeX Warning: `h' float specifier changed to `ht'.


Package subcaption Warning: `subtable' is treated as `subfigure'
(subcaption)                 on input line 819.


Package subcaption Warning: `subtable' is treated as `subfigure'
(subcaption)                 on input line 841.


Package subcaption Warning: `subtable' is treated as `subfigure'
(subcaption)                 on input line 872.

<./images/20-predictors-scatterplot.png, id=192, 462.528pt x 346.896pt>
File: ./images/20-predictors-scatterplot.png Graphic file (type png)
<use ./images/20-predictors-scatterplot.png>
Package pdftex.def Info: ./images/20-predictors-scatterplot.png  used on input line 891.
(pdftex.def)             Requested size: 525.23788pt x 393.94638pt.

LaTeX Warning: `h' float specifier changed to `ht'.

<./images/21-corr-heatmap.png, id=193, 753.0534pt x 684.03555pt>
File: ./images/21-corr-heatmap.png Graphic file (type png)
<use ./images/21-corr-heatmap.png>
Package pdftex.def Info: ./images/21-corr-heatmap.png  used on input line 898.
(pdftex.def)             Requested size: 525.23788pt x 477.13075pt.

LaTeX Warning: `h' float specifier changed to `ht'.

[10] [11 <./images/2-boxplots.png>] [12 <./images/3-pairwise-plot.png>] [13] [14] [15] [16 <./images/10-predictors-vs-exam-score.png>] [17 <./images/11-corr-heatmap.png>] [18] [19 <./images/20-predictors-scatterplot.png>] [20 <./images/21-corr-heatmap.png>] (output/modeling-student-performance-paper.aux)
 ***********
LaTeX2e <2023-11-01> patch level 1
L3 programming layer <2024-02-20>
 ***********


LaTeX Font Warning: Size substitutions with differences
(Font)              up to 4.17pt have occurred.


LaTeX Warning: There were undefined references.

Package rerunfilecheck Info: File `modeling-student-performance-paper.out' has not changed.
(rerunfilecheck)             Checksum: 293F231687FF158DACBF1D5A008EF1B0;1073.
 ) 
Here is how much of TeX's memory you used:
 12789 strings out of 474116
 211421 string characters out of 5743682
 1972187 words of memory out of 5000000
 34887 multiletter control sequences out of 15000+600000
 578799 words of font info for 70 fonts, out of 8000000 for 9000
 1141 hyphenation exceptions out of 8191
 79i,11n,93p,1040b,535s stack positions out of 10000i,1000n,20000p,200000b,200000s
</usr/local/texlive/2024/texmf-dist/fonts/type1/bitstrea/charter/bchb8a.pfb></usr/local/texlive/2024/texmf-dist/fonts/type1/bitstrea/charter/bchr8a.pfb></usr/local/texlive/2024/texmf-dist/fonts/type1/bitstrea/charter/bchri8a.pfb></usr/local/texlive/2024/texmf-dist/fonts/type1/public/amsfonts/cm/cmmi10.pfb></usr/local/texlive/2024/texmf-dist/fonts/type1/public/amsfonts/cm/cmmi7.pfb></usr/local/texlive/2024/texmf-dist/fonts/type1/public/amsfonts/cm/cmmi9.pfb></usr/local/texlive/2024/texmf-dist/fonts/type1/public/amsfonts/cm/cmr10.pfb></usr/local/texlive/2024/texmf-dist/fonts/type1/public/amsfonts/cm/cmr6.pfb></usr/local/texlive/2024/texmf-dist/fonts/type1/public/amsfonts/cm/cmr7.pfb></usr/local/texlive/2024/texmf-dist/fonts/type1/public/amsfonts/cm/cmr9.pfb></usr/local/texlive/2024/texmf-dist/fonts/type1/public/amsfonts/cm/cmsy10.pfb></usr/local/texlive/2024/texmf-dist/fonts/type1/public/amsfonts/cm/cmsy7.pfb></usr/local/texlive/2024/texmf-dist/fonts/type1/public/amsfonts/cm/cmsy9.pfb></usr/local/texlive/2024/texmf-dist/fonts/type1/public/amsfonts/cm/cmtt10.pfb></usr/local/texlive/2024/texmf-dist/fonts/type1/public/cm-super/sfrb3583.pfb></usr/local/texlive/2024/texmf-dist/fonts/type1/urw/zapfding/uzdr.pfb>
Output written on output/modeling-student-performance-paper.pdf (20 pages, 3501149 bytes).
PDF statistics:
 333 PDF objects out of 1000 (max. 8388607)
 242 compressed objects within 3 object streams
 71 named destinations out of 1000 (max. 500000)
 158 words of extra memory for PDF output out of 10000 (max. 10000000)

