\BOOKMARK [1][-]{section.1}{\376\377\000M\000o\000d\000e\000l\000i\000n\000g\000\040\000S\000t\000u\000d\000e\000n\000t\000\040\000P\000e\000r\000f\000o\000r\000m\000a\000n\000c\000e\000:\000\040\000U\000s\000i\000n\000g\000\040\000M\000u\000l\000t\000i\000p\000l\000e\000\040\000L\000i\000n\000e\000a\000r\000\040\000R\000e\000g\000r\000e\000s\000s\000i\000o\000n\000\040\000t\000o\000\040\000P\000r\000e\000d\000i\000c\000t\000\040\000E\000x\000a\000m\000\040\000S\000c\000o\000r\000e\000s}{}% 1
\BOOKMARK [2][-]{subsection.1.1}{\376\377\000S\000t\000u\000d\000e\000n\000t\000\040\000P\000e\000r\000f\000o\000r\000m\000a\000n\000c\000e\000\040\000F\000a\000c\000t\000o\000r\000s\000\040\000D\000a\000t\000a\000s\000e\000t\000\040\000O\000v\000e\000r\000v\000i\000e\000w}{section.1}% 2
\BOOKMARK [3][-]{subsubsection.1.1.1}{\376\377\000P\000u\000r\000p\000o\000s\000e\000\040\000a\000n\000d\000\040\000A\000p\000p\000l\000i\000c\000a\000t\000i\000o\000n\000s}{subsection.1.1}% 3
\BOOKMARK [3][-]{subsubsection.1.1.2}{\376\377\000V\000a\000r\000i\000a\000b\000l\000e\000\040\000D\000e\000s\000c\000r\000i\000p\000t\000i\000o\000n\000s}{subsection.1.1}% 4
\BOOKMARK [3][-]{subsubsection.1.1.3}{\376\377\000R\000e\000s\000e\000a\000r\000c\000h\000\040\000Q\000u\000e\000s\000t\000i\000o\000n\000s}{subsection.1.1}% 5
\BOOKMARK [3][-]{subsubsection.1.1.4}{\376\377\000M\000e\000t\000h\000o\000d\000s\000\040\000U\000s\000e\000d\000\040\000i\000n\000\040\000t\000h\000e\000\040\000A\000n\000a\000l\000y\000s\000i\000s}{subsection.1.1}% 6
\BOOKMARK [2][-]{subsection.1.2}{\376\377\000E\000D\000A}{section.1}% 7
\BOOKMARK [3][-]{subsubsection.1.2.1}{\376\377\000F\000i\000r\000s\000t\000\040\000s\000n\000i\000f\000f\000\040\000o\000f\000\040\000t\000h\000e\000\040\000d\000a\000t\000a}{subsection.1.2}% 8
\BOOKMARK [3][-]{subsubsection.1.2.2}{\376\377\000V\000a\000r\000i\000a\000b\000l\000e\000\040\000t\000y\000p\000e\000s}{subsection.1.2}% 9
\BOOKMARK [3][-]{subsubsection.1.2.3}{\376\377\000M\000i\000s\000s\000i\000n\000g\000\040\000v\000a\000l\000u\000e\000s}{subsection.1.2}% 10
\BOOKMARK [3][-]{subsubsection.1.2.4}{\376\377\000F\000i\000r\000s\000t\000\040\000v\000i\000s\000u\000a\000l\000i\000z\000a\000t\000i\000o\000n\000s}{subsection.1.2}% 11
\BOOKMARK [2][-]{subsection.1.3}{\376\377\000O\000u\000r\000\040\000h\000y\000p\000o\000t\000h\000e\000s\000e\000s}{section.1}% 12
\BOOKMARK [2][-]{subsection.1.4}{\376\377\000I\000n\000i\000t\000i\000a\000l\000\040\000M\000o\000d\000e\000l}{section.1}% 13
\BOOKMARK [2][-]{subsection.1.5}{\376\377\000B\000o\000x\000-\000C\000o\000x\000\040\000T\000r\000a\000n\000s\000f\000o\000r\000m\000a\000t\000i\000o\000n}{section.1}% 14
\BOOKMARK [2][-]{subsection.1.6}{\376\377\000S\000p\000l\000i\000t\000t\000i\000n\000g\000\040\000t\000h\000e\000\040\000D\000a\000t\000a\000\040\000I\000n\000t\000o\000\040\0002\000\040\000M\000o\000d\000e\000l\000s}{section.1}% 15
\BOOKMARK [3][-]{subsubsection.1.6.1}{\376\377\000S\000e\000t\000\040\000U\000p}{subsection.1.6}% 16
\BOOKMARK [2][-]{subsection.1.7}{\376\377\000L\000o\000w\000\040\000M\000o\000d\000e\000l}{section.1}% 17
\BOOKMARK [3][-]{subsubsection.1.7.1}{\376\377\000S\000u\000m\000m\000a\000r\000i\000z\000i\000n\000g\000\040\000t\000h\000e\000\040\000m\000o\000d\000e\000l\000\040\000w\000i\000t\000h\000\040\000t\000h\000e\000\040\000l\000o\000w\000\040\000s\000c\000o\000r\000e\000\040\000d\000a\000t\000a\000s\000e\000t\000:}{subsection.1.7}% 18
\BOOKMARK [2][-]{subsection.1.8}{\376\377\000I\000n\000f\000l\000u\000e\000n\000t\000i\000a\000l\000\040\000P\000o\000i\000n\000t\000s\000\040\000i\000n\000\040\000t\000h\000e\000\040\000L\000o\000w\000\040\000S\000c\000o\000r\000e\000\040\000M\000o\000d\000e\000l}{section.1}% 19
\BOOKMARK [2][-]{subsection.1.9}{\376\377\000T\000e\000s\000t\000i\000n\000g\000\040\000t\000h\000e\000\040\000L\000o\000w\000\040\000M\000o\000d\000e\000l\000:}{section.1}% 20
\BOOKMARK [2][-]{subsection.1.10}{\376\377\000H\000i\000g\000h\000\040\000M\000o\000d\000e\000l\000:}{section.1}% 21
